<?xml version="1.0" encoding="UTF-8"?>
<testsuite name="maun.eval.demo.service.UserServiceTest" tests="1" skipped="0" failures="0" errors="0" timestamp="2024-05-05T01:27:12" hostname="Marias-MacBook-Pro.local" time="0.057">
  <properties/>
  <testcase name="registerUserTest()" classname="maun.eval.demo.service.UserServiceTest" time="0.057"/>
  <system-out><![CDATA[21:27:08.308 [Test worker] INFO org.springframework.test.context.support.AnnotationConfigContextLoaderUtils -- Could not detect default configuration classes for test class [maun.eval.demo.service.UserServiceTest]: UserServiceTest does not declare any static, non-private, non-final, nested classes annotated with @Configuration.
21:27:08.414 [Test worker] INFO org.springframework.boot.test.context.SpringBootTestContextBootstrapper -- Found @SpringBootConfiguration maun.eval.demo.DemoApplication for test class maun.eval.demo.service.UserServiceTest

  .   ____          _            __ _ _
 /\\ / ___'_ __ _ _(_)_ __  __ _ \ \ \ \
( ( )\___ | '_ | '_| | '_ \/ _` | \ \ \ \
 \\/  ___)| |_)| | | | | || (_| |  ) ) ) )
  '  |____| .__|_| |_|_| |_\__, | / / / /
 =========|_|==============|___/=/_/_/_/
 :: Spring Boot ::                (v3.2.5)

2024-05-04T21:27:08.751-04:00  INFO 6908 --- [    Test worker] maun.eval.demo.service.UserServiceTest   : Starting UserServiceTest using Java 21.0.1 with PID 6908 (started by angie in /Users/angie/PruebasTecnicas/nttdata/spring-gradle-01)
2024-05-04T21:27:08.752-04:00  INFO 6908 --- [    Test worker] maun.eval.demo.service.UserServiceTest   : No active profile set, falling back to 1 default profile: "default"
2024-05-04T21:27:09.272-04:00  INFO 6908 --- [    Test worker] .s.d.r.c.RepositoryConfigurationDelegate : Bootstrapping Spring Data JPA repositories in DEFAULT mode.
2024-05-04T21:27:09.326-04:00  INFO 6908 --- [    Test worker] .s.d.r.c.RepositoryConfigurationDelegate : Finished Spring Data repository scanning in 46 ms. Found 2 JPA repository interfaces.
2024-05-04T21:27:10.806-04:00  INFO 6908 --- [    Test worker] o.hibernate.jpa.internal.util.LogHelper  : HHH000204: Processing PersistenceUnitInfo [name: default]
2024-05-04T21:27:10.857-04:00  INFO 6908 --- [    Test worker] org.hibernate.Version                    : HHH000412: Hibernate ORM core version 6.4.4.Final
2024-05-04T21:27:10.891-04:00  INFO 6908 --- [    Test worker] o.h.c.internal.RegionFactoryInitiator    : HHH000026: Second-level cache disabled
2024-05-04T21:27:10.999-04:00  INFO 6908 --- [    Test worker] o.s.o.j.p.SpringPersistenceUnitInfo      : No LoadTimeWeaver setup: ignoring JPA class transformer
2024-05-04T21:27:11.030-04:00  INFO 6908 --- [    Test worker] com.zaxxer.hikari.HikariDataSource       : HikariPool-1 - Starting...
2024-05-04T21:27:11.197-04:00  INFO 6908 --- [    Test worker] com.zaxxer.hikari.pool.HikariPool        : HikariPool-1 - Added connection conn0: url=jdbc:h2:mem:~/testMaun user=MAUN
2024-05-04T21:27:11.199-04:00  INFO 6908 --- [    Test worker] com.zaxxer.hikari.HikariDataSource       : HikariPool-1 - Start completed.
2024-05-04T21:27:11.940-04:00  INFO 6908 --- [    Test worker] o.h.e.t.j.p.i.JtaPlatformInitiator       : HHH000489: No JTA platform available (set 'hibernate.transaction.jta.platform' to enable JTA platform integration)
Hibernate: 
    drop table if exists phone cascade 
Hibernate: 
    drop table if exists "user" cascade 
Hibernate: 
    create table phone (
        id uuid not null,
        user_id uuid,
        citycode varchar(255),
        countrycode varchar(255),
        number varchar(255),
        primary key (id)
    )
Hibernate: 
    create table "user" (
        is_active boolean default true,
        created timestamp(6),
        modified timestamp(6),
        id uuid not null,
        email varchar(255) unique,
        name varchar(255),
        password varchar(255),
        user_token varchar(255),
        primary key (id)
    )
Hibernate: 
    alter table if exists phone 
       add constraint FKn0jatq8w4gvr91f592d2i1h05 
       foreign key (user_id) 
       references "user"
2024-05-04T21:27:11.995-04:00  INFO 6908 --- [    Test worker] j.LocalContainerEntityManagerFactoryBean : Initialized JPA EntityManagerFactory for persistence unit 'default'
2024-05-04T21:27:12.160-04:00  WARN 6908 --- [    Test worker] JpaBaseConfiguration$JpaWebConfiguration : spring.jpa.open-in-view is enabled by default. Therefore, database queries may be performed during view rendering. Explicitly configure spring.jpa.open-in-view to disable this warning
2024-05-04T21:27:12.489-04:00  INFO 6908 --- [    Test worker] o.s.b.a.h2.H2ConsoleAutoConfiguration    : H2 console available at '/h2-console'. Database available at 'jdbc:h2:mem:~/testMaun'
2024-05-04T21:27:12.548-04:00  INFO 6908 --- [    Test worker] maun.eval.demo.service.UserServiceTest   : Started UserServiceTest in 3.999 seconds (process running for 5.084)
]]></system-out>
  <system-err><![CDATA[WARNING: A Java agent has been loaded dynamically (/Users/angie/.gradle/caches/modules-2/files-2.1/net.bytebuddy/byte-buddy-agent/1.14.13/979ce25f7d3096a2e82214ba7dc972a05ce7a171/byte-buddy-agent-1.14.13.jar)
WARNING: If a serviceability tool is in use, please run with -XX:+EnableDynamicAgentLoading to hide this warning
WARNING: If a serviceability tool is not in use, please run with -Djdk.instrument.traceUsage for more information
WARNING: Dynamic loading of agents will be disallowed by default in a future release
]]></system-err>
</testsuite>
